<?xml version="1.0" encoding="UTF-8"?>
<!-- Generated by org.testng.reporters.JUnitReportReporter -->
<testsuite hostname="DESKTOP-55AGDFG" failures="0" tests="1" name="tests.CartTest" time="22.209" errors="0" timestamp="2024-12-28T13:33:20 PST" skipped="0">
  <testcase classname="tests.CartTest" name="getCartPageTestCaseC34" time="22.209"/>
</testsuite> <!-- tests.CartTest -->
