<?xml version="1.0" encoding="UTF-8"?>
<!-- Generated by org.testng.reporters.JUnitReportReporter -->
<testsuite hostname="DESKTOP-55AGDFG" failures="0" tests="1" name="tests.LaunchTest" time="23.955" errors="0" timestamp="2024-12-27T10:08:49 PST" skipped="0">
  <testcase classname="tests.LaunchTest" name="launchAPpHere" time="23.955"/>
</testsuite> <!-- tests.LaunchTest -->
