<?xml version="1.0" encoding="UTF-8"?>
<!-- Generated by org.testng.reporters.JUnitReportReporter -->
<testsuite hostname="DESKTOP-55AGDFG" failures="0" tests="1" name="tests.HomeTest" time="15.267" errors="0" timestamp="2024-12-26T15:27:18 PST" skipped="0">
  <testcase classname="tests.HomeTest" name="firstTest" time="15.267"/>
</testsuite> <!-- tests.HomeTest -->
