<?xml version="1.0" encoding="UTF-8"?>
<!-- Generated by org.testng.reporters.JUnitReportReporter -->
<testsuite hostname="DESKTOP-55AGDFG" failures="0" tests="1" name="tests.GeneralStoreTest" time="0.877" errors="0" timestamp="2024-12-27T11:49:37 PST" skipped="0">
  <testcase classname="tests.GeneralStoreTest" name="getTitleOfPAgeTC21" time="0.877"/>
</testsuite> <!-- tests.GeneralStoreTest -->
